<?xml version="1.0" encoding="UTF-8"?>
<testng-results skipped="0" failed="0" ignored="0" total="3" passed="3">
  <reporter-output>
  </reporter-output>
  <suite name="Free CRM Test Automation Suite" duration-ms="21096" started-at="2019-07-01T00:19:19Z" finished-at="2019-07-01T00:19:40Z">
    <groups>
    </groups>
    <test name="Free CRM App Test Cases" duration-ms="21096" started-at="2019-07-01T00:19:19Z" finished-at="2019-07-01T00:19:40Z">
      <class name="com.qa.freecrm.tests.LoginTest">
        <test-method status="PASS" signature="setUp()[pri:0, instance:com.qa.freecrm.tests.LoginTest@62ee68d8]" name="setUp" is-config="true" duration-ms="7079" started-at="2019-07-01T00:19:19Z" finished-at="2019-07-01T00:19:26Z">
          <reporter-output>
          </reporter-output>
        </test-method> <!-- setUp -->
        <test-method status="PASS" signature="loginPageTitleTest()[pri:1, instance:com.qa.freecrm.tests.LoginTest@62ee68d8]" name="loginPageTitleTest" duration-ms="21" started-at="2019-07-01T00:19:26Z" finished-at="2019-07-01T00:19:26Z">
          <reporter-output>
          </reporter-output>
        </test-method> <!-- loginPageTitleTest -->
        <test-method status="PASS" signature="tearDown()[pri:0, instance:com.qa.freecrm.tests.LoginTest@62ee68d8]" name="tearDown" is-config="true" duration-ms="788" started-at="2019-07-01T00:19:26Z" finished-at="2019-07-01T00:19:27Z">
          <reporter-output>
          </reporter-output>
        </test-method> <!-- tearDown -->
        <test-method status="PASS" signature="setUp()[pri:0, instance:com.qa.freecrm.tests.LoginTest@62ee68d8]" name="setUp" is-config="true" duration-ms="5474" started-at="2019-07-01T00:19:33Z" finished-at="2019-07-01T00:19:39Z">
          <reporter-output>
          </reporter-output>
        </test-method> <!-- setUp -->
        <test-method status="PASS" signature="freeCrmLoginTest()[pri:2, instance:com.qa.freecrm.tests.LoginTest@62ee68d8]" name="freeCrmLoginTest" duration-ms="502" started-at="2019-07-01T00:19:39Z" finished-at="2019-07-01T00:19:39Z">
          <reporter-output>
          </reporter-output>
        </test-method> <!-- freeCrmLoginTest -->
        <test-method status="PASS" signature="tearDown()[pri:0, instance:com.qa.freecrm.tests.LoginTest@62ee68d8]" name="tearDown" is-config="true" duration-ms="738" started-at="2019-07-01T00:19:39Z" finished-at="2019-07-01T00:19:40Z">
          <reporter-output>
          </reporter-output>
        </test-method> <!-- tearDown -->
      </class> <!-- com.qa.freecrm.tests.LoginTest -->
      <class name="com.qa.freecrm.tests.HomePageTest">
        <test-method status="PASS" signature="setUp()[pri:0, instance:com.qa.freecrm.tests.HomePageTest@735b5592]" name="setUp" is-config="true" duration-ms="5672" started-at="2019-07-01T00:19:27Z" finished-at="2019-07-01T00:19:32Z">
          <reporter-output>
          </reporter-output>
        </test-method> <!-- setUp -->
        <test-method status="PASS" signature="verifyHomePageTitleTest()[pri:1, instance:com.qa.freecrm.tests.HomePageTest@735b5592]" name="verifyHomePageTitleTest" duration-ms="15" started-at="2019-07-01T00:19:32Z" finished-at="2019-07-01T00:19:32Z">
          <reporter-output>
          </reporter-output>
        </test-method> <!-- verifyHomePageTitleTest -->
        <test-method status="PASS" signature="tearDown()[pri:0, instance:com.qa.freecrm.tests.HomePageTest@735b5592]" name="tearDown" is-config="true" duration-ms="774" started-at="2019-07-01T00:19:32Z" finished-at="2019-07-01T00:19:33Z">
          <reporter-output>
          </reporter-output>
        </test-method> <!-- tearDown -->
      </class> <!-- com.qa.freecrm.tests.HomePageTest -->
    </test> <!-- Free CRM App Test Cases -->
  </suite> <!-- Free CRM Test Automation Suite -->
</testng-results>
