<?xml version="1.0" encoding="UTF-8"?>
<!-- Generated by org.testng.reporters.JUnitXMLReporter -->
<testsuite hostname="Raghav-ANKIV001" ignored="0" name="Free CRM App Test Cases" tests="3" failures="0" timestamp="01 Jul 2019 00:19:40 GMT" time="21.096" errors="0">
  <testcase name="loginPageTitleTest" time="0.021" classname="com.qa.freecrm.tests.LoginTest"/>
  <testcase name="verifyHomePageTitleTest" time="0.015" classname="com.qa.freecrm.tests.HomePageTest"/>
  <testcase name="freeCrmLoginTest" time="0.502" classname="com.qa.freecrm.tests.LoginTest"/>
</testsuite> <!-- Free CRM App Test Cases -->
